<?xml version="1.0" encoding="UTF-8"?>
<!-- Generated by org.testng.reporters.JUnitXMLReporter -->
<testsuite ignored="1" hostname="LAPTOP-TAVTASOM" failures="0" tests="64" name="Test PLN" time="109.355" errors="0" timestamp="2021-05-14T17:48:52 WIB">
  <testcase classname="Tests.plnTest" name="goToLoginPagePLN" time="1.337"/>
  <testcase classname="Tests.plnTest" name="testLoginPLN" time="0.654"/>
  <testcase classname="Tests.plnTest" name="goToPLNTest" time="12.738"/>
  <testcase classname="Tests.plnTest" name="goTokenListrikPLN" time="0.207"/>
  <testcase classname="Tests.plnTest" name="inputInvalidMinTokenPLN" time="2.108"/>
  <testcase classname="Tests.plnTest" name="inputInvalidMaxTokenPLN" time="2.048"/>
  <testcase classname="Tests.plnTest" name="inputValidTokenPLN" time="1.109"/>
  <testcase classname="Tests.plnTest" name="setDenomPLN" time="0.51"/>
  <testcase classname="Tests.plnTest" name="setNominalPLN" time="0.204"/>
  <testcase classname="Tests.plnTest" name="goToCheckOut" time="0.164"/>
  <testcase classname="Tests.plnTest" name="ValidateLogoCO" time="2.683"/>
  <testcase classname="Tests.plnTest" name="ValidateTabKonfirmasiPesananCO" time="0.157"/>
  <testcase classname="Tests.plnTest" name="ValidateBoxImageCO" time="0.142"/>
  <testcase classname="Tests.plnTest" name="ValidateDeleteProductCO" time="0.213"/>
  <testcase classname="Tests.plnTest" name="ValidateItemProductCO" time="0.141"/>
  <testcase classname="Tests.plnTest" name="ValidateItemSubTotalCO" time="0.148"/>
  <testcase classname="Tests.plnTest" name="ValidateItemTotalCO" time="0.153"/>
  <testcase classname="Tests.plnTest" name="ValidateItemCouponCO" time="0.166"/>
  <testcase classname="Tests.plnTest" name="goToPaymentCenter" time="0.097"/>
  <testcase classname="Tests.plnTest" name="validateSubTotalPC" time="10.385"/>
  <testcase classname="Tests.plnTest" name="validateIsaku" time="0.742"/>
  <testcase classname="Tests.plnTest" name="validateATM" time="0.639"/>
  <testcase classname="Tests.plnTest" name="validateBCAVA" time="1.087"/>
  <testcase classname="Tests.plnTest" name="validateRekpon" time="1.108"/>
  <testcase classname="Tests.plnTest" name="PilihAlatBayar" time="20.175"/>
  <testcase classname="Tests.plnTest" name="clickBayar" time="0.955"/>
  <testcase classname="Tests.plnTest" name="validateHeaderTQPage" time="2.53"/>
  <testcase classname="Tests.plnTest" name="validateKetStatusTQPage" time="0.055"/>
  <testcase classname="Tests.plnTest" name="validatePetunjukBayarTQPage" time="0.054"/>
  <testcase classname="Tests.plnTest" name="validateGoToOrderHistoryTQPage" time="0.043"/>
  <testcase classname="Tests.plnTest" name="validateGoToHomePageTQPage" time="0.067"/>
  <testcase classname="Tests.plnTest" name="validateRincianPembayaranTQPage" time="0.085"/>
  <testcase classname="Tests.plnTest" name="validateKodeBayarTQPage" time="0.076"/>
  <testcase classname="Tests.plnTest" name="validateMetodeBayarTQPage" time="0.055"/>
  <testcase classname="Tests.plnTest" name="validateTanggalPesanTQPage" time="0.055"/>
  <testcase classname="Tests.plnTest" name="validateBatasPesanTQPage" time="0.054"/>
  <testcase classname="Tests.plnTest" name="validateTotalBayarTQPage" time="0.053"/>
  <testcase classname="Tests.plnTest" name="validateBottomTQPage" time="3.0"/>
  <testcase classname="Tests.plnTest" name="validateLogoOH" time="3.29"/>
  <testcase classname="Tests.plnTest" name="validateDownloadAppOH" time="0.047"/>
  <testcase classname="Tests.plnTest" name="validateFacebookOH" time="0.053"/>
  <testcase classname="Tests.plnTest" name="validateInstagramOH" time="0.048"/>
  <testcase classname="Tests.plnTest" name="validateCustomerCareOH" time="0.049"/>
  <testcase classname="Tests.plnTest" name="validateDownloadAppCareOH" time="0.034"/>
  <testcase classname="Tests.plnTest" name="validateIconOrderHistoryOH" time="0.051"/>
  <testcase classname="Tests.plnTest" name="validateItemSaldoOH" time="0.052"/>
  <testcase classname="Tests.plnTest" name="validateProfileOH" time="0.042"/>
  <testcase classname="Tests.plnTest" name="validateiconRetailOH" time="0.044"/>
  <testcase classname="Tests.plnTest" name="validateiconVirtualOH" time="0.068"/>
  <testcase classname="Tests.plnTest" name="validateiconTravelOH" time="0.095"/>
  <testcase classname="Tests.plnTest" name="validateiconFoodOH" time="0.089"/>
  <testcase classname="Tests.plnTest" name="validateiconTiketOH" time="0.088"/>
  <testcase classname="Tests.plnTest" name="validateVirtualOrderHistoryOH" time="0.04"/>
  <testcase classname="Tests.plnTest" name="validateRetailOrderHistoryOH" time="0.043"/>
  <testcase classname="Tests.plnTest" name="validateTravelOrderHistoryOH" time="0.052"/>
  <testcase classname="Tests.plnTest" name="validateFoodOrderHistoryOH" time="0.05"/>
  <testcase classname="Tests.plnTest" name="validateTiketOrderHistoryOH" time="0.045"/>
  <testcase classname="Tests.plnTest" name="validateFilterKonfirmasi" time="3.358"/>
  <testcase classname="Tests.plnTest" name="validateFilterProses" time="6.438"/>
  <testcase classname="Tests.plnTest" name="validateFilterBerhasil" time="5.543"/>
  <testcase classname="Tests.plnTest" name="validateFilterGagal" time="6.221"/>
  <testcase classname="Tests.plnTest" name="validateFilterRefund" time="6.374"/>
  <testcase classname="Tests.plnTest" name="validateFilterSemua" time="5.878"/>
  <testcase classname="Tests.plnTest" name="DaftarTrxTest" time="4.948"/>
  <testcase classname="Tests.plnTest" name="validateSaldo" time="0.0">
    <ignored/>
  </testcase> <!-- validateSaldo -->
</testsuite> <!-- Test PLN -->
