<?xml version="1.0" encoding="UTF-8"?>
<!-- Generated by org.testng.reporters.JUnitXMLReporter -->
<testsuite ignored="19" hostname="LAPTOP-TAVTASOM" failures="2" tests="4" name="Test PBB" time="3.178" errors="0" timestamp="2021-04-30T14:52:56 WIB">
  <testcase classname="Tests.LoginTest" name="goToLoginPage" time="2.592"/>
  <testcase classname="Tests.LoginTest" name="testLogin" time="0.491"/>
  <testcase classname="Tests.SamsatTest" name="goToSamsatTest" time="0.018">
    <failure type="java.lang.NullPointerException" message="Cannot invoke &amp;quot;org.openqa.selenium.WebDriver.manage()&amp;quot; because &amp;quot;this.driver&amp;quot; is null">
      <![CDATA[java.lang.NullPointerException: Cannot invoke "org.openqa.selenium.WebDriver.manage()" because "this.driver" is null
at PageFactory.LoginWithPageFactory.waitElement(LoginWithPageFactory.java:49)
at Pages.SamsatPage.goToSamsat(SamsatPage.java:42)
at Tests.SamsatTest.goToSamsatTest(SamsatTest.java:115)
at java.base/java.util.ArrayList.forEach(ArrayList.java:1511)
... Removed 27 stack frames]]>
    </failure>
  </testcase> <!-- goToSamsatTest -->
  <testcase classname="Tests.SamsatTest" name="goToSamsatJatim" time="0.004">
    <failure type="java.lang.NullPointerException" message="Cannot invoke &amp;quot;org.openqa.selenium.WebDriver.manage()&amp;quot; because &amp;quot;this.driver&amp;quot; is null">
      <![CDATA[java.lang.NullPointerException: Cannot invoke "org.openqa.selenium.WebDriver.manage()" because "this.driver" is null
at PageFactory.LoginWithPageFactory.waitElement(LoginWithPageFactory.java:49)
at Pages.SamsatPage.pilihSamsatJatim(SamsatPage.java:52)
at Tests.SamsatTest.goToSamsatJatim(SamsatTest.java:130)
at java.base/java.util.ArrayList.forEach(ArrayList.java:1511)
... Removed 27 stack frames]]>
    </failure>
  </testcase> <!-- goToSamsatJatim -->
  <testcase classname="Tests.SamsatTest" name="checkOutSamsat" time="0.0">
    <ignored/>
  </testcase> <!-- checkOutSamsat -->
  <testcase classname="Tests.SamsatTest" name="setNomorPolisi" time="0.0">
    <ignored/>
  </testcase> <!-- setNomorPolisi -->
  <testcase classname="Tests.SamsatTest" name="TQPageTest" time="0.0">
    <ignored/>
  </testcase> <!-- TQPageTest -->
  <testcase classname="Tests.SamsatTest" name="goToCheckOutSamsatJatim" time="0.0">
    <ignored/>
  </testcase> <!-- goToCheckOutSamsatJatim -->
  <testcase classname="Tests.SamsatTest" name="testLogin" time="0.0">
    <ignored/>
  </testcase> <!-- testLogin -->
  <testcase classname="Tests.SamsatTest" name="verifyPageTitel" time="0.0">
    <ignored/>
  </testcase> <!-- verifyPageTitel -->
  <testcase classname="Tests.SamsatTest" name="setNomorKTP" time="0.0">
    <ignored/>
  </testcase> <!-- setNomorKTP -->
  <testcase classname="Tests.SamsatTest" name="goToLoginPage" time="0.0">
    <ignored/>
  </testcase> <!-- goToLoginPage -->
  <testcase classname="Tests.SamsatTest" name="goToSamsatBanten" time="0.0">
    <ignored/>
  </testcase> <!-- goToSamsatBanten -->
  <testcase classname="PageFactory.driverTest" name="@AfterSuite closeApp" time="0.0">
    <ignored/>
  </testcase> <!-- @AfterSuite closeApp -->
  <testcase classname="Tests.SamsatTest" name="setKodePembayaran" time="0.0">
    <ignored/>
  </testcase> <!-- setKodePembayaran -->
  <testcase classname="Tests.SamsatTest" name="PilihAlatBayar" time="0.0">
    <ignored/>
  </testcase> <!-- PilihAlatBayar -->
  <testcase classname="Tests.SamsatTest" name="setNomorMesin" time="0.0">
    <ignored/>
  </testcase> <!-- setNomorMesin -->
  <testcase classname="Tests.SamsatTest" name="goToCheckOutSamsatBanten" time="0.0">
    <ignored/>
  </testcase> <!-- goToCheckOutSamsatBanten -->
  <testcase classname="Tests.SamsatTest" name="DaftarTrxTest" time="0.0">
    <ignored/>
  </testcase> <!-- DaftarTrxTest -->
  <testcase classname="Tests.SamsatTest" name="clickBayar" time="0.0">
    <ignored/>
  </testcase> <!-- clickBayar -->
  <testcase classname="Tests.SamsatTest" name="homepageTest" time="0.0">
    <ignored/>
  </testcase> <!-- homepageTest -->
  <testcase classname="Tests.SamsatTest" name="goToPaymentCenter" time="0.0">
    <ignored/>
  </testcase> <!-- goToPaymentCenter -->
  <testcase classname="PageFactory.driverTest" name="@BeforeSuite startApps" time="0.0">
    <ignored/>
  </testcase> <!-- @BeforeSuite startApps -->
</testsuite> <!-- Test PBB -->
