<?xml version="1.0" encoding="UTF-8"?>
<!-- Generated by org.testng.reporters.JUnitXMLReporter -->
<testsuite ignored="7" hostname="LAPTOP-TAVTASOM" failures="0" tests="16" name="Samsat Test" time="56.459" errors="0" timestamp="2021-05-13T15:43:58 WIB">
  <testcase classname="Tests.SamsatTest" name="goToLoginPage" time="4.347"/>
  <testcase classname="Tests.SamsatTest" name="testLogin" time="0.503"/>
  <testcase classname="Tests.SamsatTest" name="goToSamsatTest" time="8.579"/>
  <testcase classname="Tests.SamsatTest" name="goToSamsatBanten" time="0.131"/>
  <testcase classname="Tests.SamsatTest" name="InvalidMinSetKodePembayaran" time="0.44"/>
  <testcase classname="Tests.SamsatTest" name="ValidateInvalidMinKodePembayaran" time="3.919"/>
  <testcase classname="Tests.SamsatTest" name="InvalidMaxSetKodePembayaran" time="0.346"/>
  <testcase classname="Tests.SamsatTest" name="ValidateInvalidMaxKodePembayaran" time="2.776"/>
  <testcase classname="Tests.SamsatTest" name="InputValidSetKodePembayaran" time="0.254"/>
  <testcase classname="Tests.SamsatTest" name="ValidateValidKodePembayaran" time="1.066"/>
  <testcase classname="Tests.SamsatTest" name="checkOutSamsat" time="1.535"/>
  <testcase classname="Tests.SamsatTest" name="goToPaymentCenteronSamsat" time="0.087"/>
  <testcase classname="Tests.SamsatTest" name="PilihAlatBayaronSamsat" time="20.342"/>
  <testcase classname="Tests.SamsatTest" name="clickBayaronSamsat" time="0.919"/>
  <testcase classname="Tests.SamsatTest" name="TQPageTestonSamsat" time="7.308"/>
  <testcase classname="Tests.SamsatTest" name="DaftarTrxTestonSamsat" time="3.769"/>
  <testcase classname="Tests.SamsatTest" name="setNomorMesin" time="0.0">
    <ignored/>
  </testcase> <!-- setNomorMesin -->
  <testcase classname="Tests.SamsatTest" name="setNomorPolisi" time="0.0">
    <ignored/>
  </testcase> <!-- setNomorPolisi -->
  <testcase classname="Tests.SamsatTest" name="goToCheckOutSamsatBanten" time="0.0">
    <ignored/>
  </testcase> <!-- goToCheckOutSamsatBanten -->
  <testcase classname="Tests.SamsatTest" name="goToCheckOutSamsatJatim" time="0.0">
    <ignored/>
  </testcase> <!-- goToCheckOutSamsatJatim -->
  <testcase classname="Tests.SamsatTest" name="goToSamsatJatim" time="0.0">
    <ignored/>
  </testcase> <!-- goToSamsatJatim -->
  <testcase classname="Tests.SamsatTest" name="searchSamsatKeyword" time="0.0">
    <ignored/>
  </testcase> <!-- searchSamsatKeyword -->
  <testcase classname="Tests.SamsatTest" name="setNomorKTP" time="0.0">
    <ignored/>
  </testcase> <!-- setNomorKTP -->
</testsuite> <!-- Samsat Test -->
