<?xml version="1.0" encoding="UTF-8"?>
<!-- Generated by org.testng.reporters.JUnitXMLReporter -->
<testsuite ignored="1" hostname="LAPTOP-TAVTASOM" failures="0" tests="18" name="Test PDAM" time="57.779" errors="0" timestamp="2021-05-13T16:54:35 WIB">
  <testcase classname="Tests.PdamTest" name="goToLoginPagePDAM" time="3.704"/>
  <testcase classname="Tests.PdamTest" name="testLoginPDAM" time="0.994"/>
  <testcase classname="Tests.PdamTest" name="goToPdamTest" time="8.681"/>
  <testcase classname="Tests.PdamTest" name="pilihNamaPDAM" time="0.21"/>
  <testcase classname="Tests.PdamTest" name="inputTextPDAM" time="0.545"/>
  <testcase classname="Tests.PdamTest" name="selectInputTextPDAM" time="0.087"/>
  <testcase classname="Tests.PdamTest" name="inputInvalidMinCustomerNoPDAM" time="0.378"/>
  <testcase classname="Tests.PdamTest" name="ValidateInvalidMinCustomerNoPDAM" time="2.559"/>
  <testcase classname="Tests.PdamTest" name="inputInvalidMaxCustomerNoPDAM" time="0.768"/>
  <testcase classname="Tests.PdamTest" name="ValidateInvalidMaxCustomerNoPDAM" time="0.246"/>
  <testcase classname="Tests.PdamTest" name="inputValidCustomerNoPDAM" time="0.228"/>
  <testcase classname="Tests.PdamTest" name="ValidateValidCustomerNoPDAM" time="0.074"/>
  <testcase classname="Tests.PdamTest" name="checkOutPDAM" time="6.112"/>
  <testcase classname="Tests.PdamTest" name="goToPaymentCenterPDAM" time="0.09"/>
  <testcase classname="Tests.PdamTest" name="PilihAlatBayarPDAM" time="20.916"/>
  <testcase classname="Tests.PdamTest" name="clickBayarPDAM" time="0.958"/>
  <testcase classname="Tests.PdamTest" name="TQPageTestPDAM" time="6.785"/>
  <testcase classname="Tests.PdamTest" name="DaftarTrxTestPDAM" time="4.342"/>
  <testcase classname="Tests.PdamTest" name="btnCancelIsDisplay" time="0.0">
    <ignored/>
  </testcase> <!-- btnCancelIsDisplay -->
</testsuite> <!-- Test PDAM -->
