<?xml version="1.0" encoding="UTF-8"?>
<!-- Generated by org.testng.reporters.JUnitXMLReporter -->
<testsuite ignored="0" hostname="LAPTOP-TAVTASOM" failures="0" tests="12" name="Test PLN" time="74.005" errors="0" timestamp="2021-03-23T18:51:39 WIB">
  <testcase classname="Tests.plnTest" name="goToLoginPage" time="0.752"/>
  <testcase classname="Tests.plnTest" name="testLogin" time="0.285"/>
  <testcase classname="Tests.plnTest" name="goToPLNTest" time="7.369"/>
  <testcase classname="Tests.plnTest" name="goTokenListrikPLN" time="0.102"/>
  <testcase classname="Tests.plnTest" name="inputTokenPLN" time="0.144"/>
  <testcase classname="Tests.plnTest" name="setDenomPLN" time="0.964"/>
  <testcase classname="Tests.plnTest" name="setNominalPLN" time="0.08"/>
  <testcase classname="Tests.plnTest" name="goToCheckOut" time="0.094"/>
  <testcase classname="Tests.plnTest" name="checkOutPLN" time="2.492"/>
  <testcase classname="Tests.plnTest" name="goToPaymentCenter" time="0.07"/>
  <testcase classname="Tests.plnTest" name="PilihAlatBayar" time="60.661"/>
  <testcase classname="Tests.plnTest" name="clickBayar" time="0.942"/>
</testsuite> <!-- Test PLN -->
