<?xml version="1.0" encoding="UTF-8"?>
<!-- Generated by org.testng.reporters.JUnitXMLReporter -->
<testsuite ignored="0" hostname="LAPTOP-TAVTASOM" failures="1" tests="13" name="Test PDAM" time="137.415" errors="0" timestamp="2021-03-25T12:19:27 WIB">
  <testcase classname="Tests.PdamTest" name="goToLoginPage" time="3.562"/>
  <testcase classname="Tests.PdamTest" name="testLogin" time="0.377"/>
  <testcase classname="Tests.PdamTest" name="goToPdamTest" time="7.475"/>
  <testcase classname="Tests.PdamTest" name="pilihNamaPDAM" time="0.125"/>
  <testcase classname="Tests.PdamTest" name="inputTextPDAM" time="0.178"/>
  <testcase classname="Tests.PdamTest" name="selectInputTextPDAM" time="0.081"/>
  <testcase classname="Tests.PdamTest" name="btnCancelIsDisplay" time="0.063">
    <failure type="java.lang.AssertionError" message="expected [true] but found [false]">
      <![CDATA[java.lang.AssertionError: expected [true] but found [false]
at Pages.PdamPages.btnCancelIsDisplay(PdamPages.java:87)
at Tests.PdamTest.btnCancelIsDisplay(PdamTest.java:100)
at java.base/java.util.ArrayList.forEach(ArrayList.java:1511)
... Removed 31 stack frames]]>
    </failure>
  </testcase> <!-- btnCancelIsDisplay -->
  <testcase classname="Tests.PdamTest" name="inputCustomerNoPDAM" time="0.101"/>
  <testcase classname="Tests.PdamTest" name="goToCheckoutPDAM" time="0.078"/>
  <testcase classname="Tests.PdamTest" name="checkOutPDAM" time="3.81"/>
  <testcase classname="Tests.PdamTest" name="goToPaymentCenter" time="0.07"/>
  <testcase classname="Tests.PdamTest" name="PilihAlatBayar" time="120.358"/>
  <testcase classname="Tests.PdamTest" name="clickBayar" time="0.969"/>
</testsuite> <!-- Test PDAM -->
