<?xml version="1.0" encoding="UTF-8"?>
<!-- Generated by org.testng.reporters.JUnitXMLReporter -->
<testsuite ignored="0" hostname="LAPTOP-TAVTASOM" failures="2" tests="15" name="Test PDAM" time="157.121" errors="0" timestamp="2021-04-30T14:50:08 WIB">
  <testcase classname="Tests.PdamTest" name="goToLoginPage" time="3.497"/>
  <testcase classname="Tests.PdamTest" name="testLogin" time="0.578"/>
  <testcase classname="Tests.PdamTest" name="goToPdamTest" time="9.469"/>
  <testcase classname="Tests.PdamTest" name="pilihNamaPDAM" time="0.24"/>
  <testcase classname="Tests.PdamTest" name="inputTextPDAM" time="2.612"/>
  <testcase classname="Tests.PdamTest" name="selectInputTextPDAM" time="0.155"/>
  <testcase classname="Tests.PdamTest" name="btnCancelIsDisplay" time="0.108">
    <failure type="java.lang.AssertionError" message="expected [true] but found [false]">
      <![CDATA[java.lang.AssertionError: expected [true] but found [false]
at Pages.PdamPages.btnCancelIsDisplay(PdamPages.java:88)
at Tests.PdamTest.btnCancelIsDisplay(PdamTest.java:114)
at java.base/java.util.ArrayList.forEach(ArrayList.java:1511)
... Removed 31 stack frames]]>
    </failure>
  </testcase> <!-- btnCancelIsDisplay -->
  <testcase classname="Tests.PdamTest" name="inputCustomerNoPDAM" time="0.159"/>
  <testcase classname="Tests.PdamTest" name="goToCheckoutPDAM" time="0.138"/>
  <testcase classname="Tests.PdamTest" name="checkOutPDAM" time="4.084"/>
  <testcase classname="Tests.PdamTest" name="goToPaymentCenter" time="0.118"/>
  <testcase classname="Tests.PdamTest" name="PilihAlatBayar" time="121.227"/>
  <testcase classname="Tests.PdamTest" name="clickBayar" time="0.845"/>
  <testcase classname="Tests.PdamTest" name="TQPageTest" time="10.098"/>
  <testcase classname="Tests.PdamTest" name="DaftarTrxTest" time="3.655">
    <failure type="org.openqa.selenium.ElementClickInterceptedException" message="element click intercepted: Element &amp;lt;div class=&amp;quot;transactionList-detail clearfix&amp;quot;&amp;gt;...&amp;lt;/div&amp;gt; is not clickable at point (776, 297). Other element would receive the click: &amp;lt;div class=&amp;quot;introjs-overlay&amp;quot; style=&amp;quot;inset: 0px; position: fixed; opacity: 0.8;&amp;quot;&amp;gt;&amp;lt;/div&amp;gt;
  (Session info: chrome=90.0.4430.93)
Build info: version: &amp;apos;3.141.59&amp;apos;, revision: &amp;apos;e82be7d358&amp;apos;, time: &amp;apos;2018-11-14T08:17:03&amp;apos;
System info: host: &amp;apos;LAPTOP-TAVTASOM&amp;apos;, ip: &amp;apos;192.168.0.109&amp;apos;, os.name: &amp;apos;Windows 10&amp;apos;, os.arch: &amp;apos;amd64&amp;apos;, os.version: &amp;apos;10.0&amp;apos;, java.version: &amp;apos;15.0.1&amp;apos;
Driver info: org.openqa.selenium.chrome.ChromeDriver
Capabilities {acceptInsecureCerts: false, browserName: chrome, browserVersion: 90.0.4430.93, chrome: {chromedriverVersion: 90.0.4430.24 (4c6d850f087da..., userDataDir: C:\Users\HP\AppData\Local\T...}, goog:chromeOptions: {debuggerAddress: localhost:60179}, javascriptEnabled: true, networkConnectionEnabled: false, pageLoadStrategy: normal, platform: WINDOWS, platformName: WINDOWS, proxy: Proxy(), setWindowRect: true, strictFileInteractability: false, timeouts: {implicit: 0, pageLoad: 300000, script: 30000}, unhandledPromptBehavior: dismiss and notify, webauthn:extension:largeBlob: true, webauthn:virtualAuthenticators: true}
Session ID: 56bf197482a723e2e87fe10ca6a6637e">
      <![CDATA[org.openqa.selenium.ElementClickInterceptedException: element click intercepted: Element <div class="transactionList-detail clearfix">...</div> is not clickable at point (776, 297). Other element would receive the click: <div class="introjs-overlay" style="inset: 0px; position: fixed; opacity: 0.8;"></div>
  (Session info: chrome=90.0.4430.93)
Build info: version: '3.141.59', revision: 'e82be7d358', time: '2018-11-14T08:17:03'
System info: host: 'LAPTOP-TAVTASOM', ip: '192.168.0.109', os.name: 'Windows 10', os.arch: 'amd64', os.version: '10.0', java.version: '15.0.1'
Driver info: org.openqa.selenium.chrome.ChromeDriver
Capabilities {acceptInsecureCerts: false, browserName: chrome, browserVersion: 90.0.4430.93, chrome: {chromedriverVersion: 90.0.4430.24 (4c6d850f087da..., userDataDir: C:\Users\HP\AppData\Local\T...}, goog:chromeOptions: {debuggerAddress: localhost:60179}, javascriptEnabled: true, networkConnectionEnabled: false, pageLoadStrategy: normal, platform: WINDOWS, platformName: WINDOWS, proxy: Proxy(), setWindowRect: true, strictFileInteractability: false, timeouts: {implicit: 0, pageLoad: 300000, script: 30000}, unhandledPromptBehavior: dismiss and notify, webauthn:extension:largeBlob: true, webauthn:virtualAuthenticators: true}
Session ID: 56bf197482a723e2e87fe10ca6a6637e
at org.openqa.selenium.remote.http.W3CHttpResponseCodec.createException(W3CHttpResponseCodec.java:187)
at org.openqa.selenium.remote.http.W3CHttpResponseCodec.decode(W3CHttpResponseCodec.java:122)
at org.openqa.selenium.remote.http.W3CHttpResponseCodec.decode(W3CHttpResponseCodec.java:49)
at org.openqa.selenium.remote.HttpCommandExecutor.execute(HttpCommandExecutor.java:158)
at org.openqa.selenium.remote.service.DriverCommandExecutor.execute(DriverCommandExecutor.java:83)
at org.openqa.selenium.remote.RemoteWebDriver.execute(RemoteWebDriver.java:552)
at org.openqa.selenium.remote.RemoteWebElement.execute(RemoteWebElement.java:285)
at org.openqa.selenium.remote.RemoteWebElement.click(RemoteWebElement.java:84)
at org.openqa.selenium.support.pagefactory.internal.LocatingElementHandler.invoke(LocatingElementHandler.java:51)
at com.sun.proxy.$Proxy12.click(Unknown Source)
at Pages.DaftarTrxPage.detailSOdaftarTrxIsDisplay(DaftarTrxPage.java:364)
at Tests.PdamTest.DaftarTrxTest(PdamTest.java:264)
at java.base/java.util.ArrayList.forEach(ArrayList.java:1511)
... Removed 36 stack frames]]>
    </failure>
  </testcase> <!-- DaftarTrxTest -->
</testsuite> <!-- Test PDAM -->
