<?xml version="1.0" encoding="UTF-8"?>
<!-- Generated by org.testng.reporters.JUnitXMLReporter -->
<testsuite ignored="0" hostname="LAPTOP-TAVTASOM" failures="0" tests="14" name="Test PLN" time="146.187" errors="0" timestamp="2021-04-28T20:11:49 WIB">
  <testcase classname="Tests.plnTest" name="goToLoginPage" time="1.601"/>
  <testcase classname="Tests.plnTest" name="testLogin" time="0.477"/>
  <testcase classname="Tests.plnTest" name="goToPLNTest" time="6.8"/>
  <testcase classname="Tests.plnTest" name="goTokenListrikPLN" time="0.235"/>
  <testcase classname="Tests.plnTest" name="inputTokenPLN" time="0.125"/>
  <testcase classname="Tests.plnTest" name="setDenomPLN" time="2.651"/>
  <testcase classname="Tests.plnTest" name="setNominalPLN" time="0.096"/>
  <testcase classname="Tests.plnTest" name="goToCheckOut" time="0.092"/>
  <testcase classname="Tests.plnTest" name="checkOutPLN" time="2.888"/>
  <testcase classname="Tests.plnTest" name="goToPaymentCenter" time="0.065"/>
  <testcase classname="Tests.plnTest" name="PilihAlatBayar" time="120.324"/>
  <testcase classname="Tests.plnTest" name="clickBayar" time="0.941"/>
  <testcase classname="Tests.plnTest" name="TQPageTest" time="5.7"/>
  <testcase classname="Tests.plnTest" name="DaftarTrxTest" time="4.12"/>
</testsuite> <!-- Test PLN -->
