<?xml version="1.0" encoding="UTF-8"?>
<!-- Generated by org.testng.reporters.JUnitXMLReporter -->
<testsuite ignored="0" hostname="LAPTOP-TAVTASOM" failures="0" tests="6" name="Tests" time="7.667" errors="0" timestamp="2021-05-08T09:50:05 WIB">
  <testcase classname="Tests.LoginTest" name="goToLoginPage" time="1.465"/>
  <testcase classname="Tests.LoginTest" name="LoginInvalidUsernameMin" time="1.577"/>
  <testcase classname="Tests.LoginTest" name="LoginInvalidUsernameMax" time="1.428"/>
  <testcase classname="Tests.LoginTest" name="LoginInvalidPasswordMin" time="1.326"/>
  <testcase classname="Tests.LoginTest" name="LoginInvalidPasswordMax" time="1.199"/>
  <testcase classname="Tests.LoginTest" name="LoginValidUsernamePassword" time="0.602"/>
</testsuite> <!-- Tests -->
