<?xml version="1.0" encoding="UTF-8"?>
<!-- Generated by org.testng.reporters.JUnitXMLReporter -->
<testsuite ignored="7" hostname="LAPTOP-TAVTASOM" failures="0" tests="16" name="Samsat Test" time="65.362" errors="0" timestamp="2021-05-14T17:56:03 WIB">
  <testcase classname="Tests.SamsatTest" name="goToLoginPage" time="1.157"/>
  <testcase classname="Tests.SamsatTest" name="testLogin" time="0.453"/>
  <testcase classname="Tests.SamsatTest" name="goToSamsatTest" time="19.539"/>
  <testcase classname="Tests.SamsatTest" name="goToSamsatBanten" time="0.143"/>
  <testcase classname="Tests.SamsatTest" name="InvalidMinSetKodePembayaran" time="0.363"/>
  <testcase classname="Tests.SamsatTest" name="ValidateInvalidMinKodePembayaran" time="4.751"/>
  <testcase classname="Tests.SamsatTest" name="InvalidMaxSetKodePembayaran" time="0.245"/>
  <testcase classname="Tests.SamsatTest" name="ValidateInvalidMaxKodePembayaran" time="2.785"/>
  <testcase classname="Tests.SamsatTest" name="InputValidSetKodePembayaran" time="0.297"/>
  <testcase classname="Tests.SamsatTest" name="ValidateValidKodePembayaran" time="1.184"/>
  <testcase classname="Tests.SamsatTest" name="checkOutSamsat" time="2.515"/>
  <testcase classname="Tests.SamsatTest" name="goToPaymentCenteronSamsat" time="0.162"/>
  <testcase classname="Tests.SamsatTest" name="PilihAlatBayaronSamsat" time="20.363"/>
  <testcase classname="Tests.SamsatTest" name="clickBayaronSamsat" time="0.982"/>
  <testcase classname="Tests.SamsatTest" name="TQPageTestonSamsat" time="6.034"/>
  <testcase classname="Tests.SamsatTest" name="DaftarTrxTestonSamsat" time="4.353"/>
  <testcase classname="Tests.SamsatTest" name="setNomorMesin" time="0.0">
    <ignored/>
  </testcase> <!-- setNomorMesin -->
  <testcase classname="Tests.SamsatTest" name="setNomorPolisi" time="0.0">
    <ignored/>
  </testcase> <!-- setNomorPolisi -->
  <testcase classname="Tests.SamsatTest" name="goToCheckOutSamsatBanten" time="0.0">
    <ignored/>
  </testcase> <!-- goToCheckOutSamsatBanten -->
  <testcase classname="Tests.SamsatTest" name="goToCheckOutSamsatJatim" time="0.0">
    <ignored/>
  </testcase> <!-- goToCheckOutSamsatJatim -->
  <testcase classname="Tests.SamsatTest" name="goToSamsatJatim" time="0.0">
    <ignored/>
  </testcase> <!-- goToSamsatJatim -->
  <testcase classname="Tests.SamsatTest" name="searchSamsatKeyword" time="0.0">
    <ignored/>
  </testcase> <!-- searchSamsatKeyword -->
  <testcase classname="Tests.SamsatTest" name="setNomorKTP" time="0.0">
    <ignored/>
  </testcase> <!-- setNomorKTP -->
</testsuite> <!-- Samsat Test -->
