<?xml version="1.0" encoding="UTF-8"?>
<!-- Generated by org.testng.reporters.JUnitXMLReporter -->
<testsuite ignored="1" hostname="LAPTOP-TAVTASOM" failures="0" tests="18" name="Test PDAM" time="51.039" errors="0" timestamp="2021-05-14T17:52:58 WIB">
  <testcase classname="Tests.PdamTest" name="goToLoginPagePDAM" time="1.146"/>
  <testcase classname="Tests.PdamTest" name="testLoginPDAM" time="0.475"/>
  <testcase classname="Tests.PdamTest" name="goToPdamTest" time="9.158"/>
  <testcase classname="Tests.PdamTest" name="pilihNamaPDAM" time="0.135"/>
  <testcase classname="Tests.PdamTest" name="inputTextPDAM" time="0.218"/>
  <testcase classname="Tests.PdamTest" name="selectInputTextPDAM" time="0.093"/>
  <testcase classname="Tests.PdamTest" name="inputInvalidMinCustomerNoPDAM" time="0.927"/>
  <testcase classname="Tests.PdamTest" name="ValidateInvalidMinCustomerNoPDAM" time="2.437"/>
  <testcase classname="Tests.PdamTest" name="inputInvalidMaxCustomerNoPDAM" time="0.318"/>
  <testcase classname="Tests.PdamTest" name="ValidateInvalidMaxCustomerNoPDAM" time="0.238"/>
  <testcase classname="Tests.PdamTest" name="inputValidCustomerNoPDAM" time="0.275"/>
  <testcase classname="Tests.PdamTest" name="ValidateValidCustomerNoPDAM" time="0.049"/>
  <testcase classname="Tests.PdamTest" name="checkOutPDAM" time="3.749"/>
  <testcase classname="Tests.PdamTest" name="goToPaymentCenterPDAM" time="0.078"/>
  <testcase classname="Tests.PdamTest" name="PilihAlatBayarPDAM" time="20.604"/>
  <testcase classname="Tests.PdamTest" name="clickBayarPDAM" time="0.997"/>
  <testcase classname="Tests.PdamTest" name="TQPageTestPDAM" time="5.626"/>
  <testcase classname="Tests.PdamTest" name="DaftarTrxTestPDAM" time="4.486"/>
  <testcase classname="Tests.PdamTest" name="btnCancelIsDisplay" time="0.0">
    <ignored/>
  </testcase> <!-- btnCancelIsDisplay -->
</testsuite> <!-- Test PDAM -->
