<?xml version="1.0" encoding="UTF-8"?>
<!-- Generated by org.testng.reporters.JUnitXMLReporter -->
<testsuite ignored="10" hostname="LAPTOP-TAVTASOM" failures="0" tests="16" name="Test PBB" time="59.295" errors="0" timestamp="2021-05-19T16:46:04 WIB">
  <testcase classname="Tests.PbbTest" name="goToLoginPagePBB" time="0.533"/>
  <testcase classname="Tests.PbbTest" name="testLoginPBB" time="0.289"/>
  <testcase classname="Tests.PbbTest" name="goToPbbTest" time="7.42"/>
  <testcase classname="Tests.PbbTest" name="goToPbbJakarta" time="0.092"/>
  <testcase classname="Tests.PbbTest" name="inputInvalidMinNomorPajak" time="1.278"/>
  <testcase classname="Tests.PbbTest" name="pilihTahunPajak" time="0.177"/>
  <testcase classname="Tests.PbbTest" name="validateInputInvalidMinNomorPajak" time="5.356"/>
  <testcase classname="Tests.PbbTest" name="inputInvalidMaxNomorPajak" time="1.225"/>
  <testcase classname="Tests.PbbTest" name="validateInputInvalidMaxNomorPajak" time="8.662"/>
  <testcase classname="Tests.PbbTest" name="inputValidNomorPajak" time="1.157"/>
  <testcase classname="Tests.PbbTest" name="validateInputValidNomorPajak" time="1.052"/>
  <testcase classname="Tests.PbbTest" name="checkOutPbb" time="1.497"/>
  <testcase classname="Tests.PbbTest" name="goToPaymentCenterPBB" time="0.063"/>
  <testcase classname="Tests.PbbTest" name="PilihAlatBayarPBB" time="20.183"/>
  <testcase classname="Tests.PbbTest" name="clickBayarPBB" time="5.405"/>
  <testcase classname="Tests.PbbTest" name="DaftarTrxTestPBB" time="4.879"/>
  <testcase classname="Tests.PbbTest" name="textInputTahunPajakIsDisplay" time="0.0">
    <ignored/>
  </testcase> <!-- textInputTahunPajakIsDisplay -->
  <testcase classname="Tests.PbbTest" name="clickListPajakTangsel" time="0.0">
    <ignored/>
  </testcase> <!-- clickListPajakTangsel -->
  <testcase classname="Tests.PbbTest" name="logoPbbInputIsDisplay" time="0.0">
    <ignored/>
  </testcase> <!-- logoPbbInputIsDisplay -->
  <testcase classname="Tests.PbbTest" name="logoPBBTangselInputIsDisplay" time="0.0">
    <ignored/>
  </testcase> <!-- logoPBBTangselInputIsDisplay -->
  <testcase classname="Tests.PbbTest" name="textInputTahunPajakTangselIsDisplay" time="0.0">
    <ignored/>
  </testcase> <!-- textInputTahunPajakTangselIsDisplay -->
  <testcase classname="Tests.PbbTest" name="searchPBBKeyword" time="0.0">
    <ignored/>
  </testcase> <!-- searchPBBKeyword -->
  <testcase classname="Tests.PbbTest" name="btnCancelTangselIsDisplay" time="0.0">
    <ignored/>
  </testcase> <!-- btnCancelTangselIsDisplay -->
  <testcase classname="Tests.PbbTest" name="btnCancelIsDisplay" time="0.0">
    <ignored/>
  </testcase> <!-- btnCancelIsDisplay -->
  <testcase classname="Tests.PbbTest" name="goToPbbTangsel" time="0.0">
    <ignored/>
  </testcase> <!-- goToPbbTangsel -->
  <testcase classname="Tests.PbbTest" name="goToCheckoutPbbTangsel" time="0.0">
    <ignored/>
  </testcase> <!-- goToCheckoutPbbTangsel -->
</testsuite> <!-- Test PBB -->
