<?xml version="1.0" encoding="UTF-8"?>
<!-- Generated by org.testng.reporters.JUnitXMLReporter -->
<testsuite ignored="2" hostname="LAPTOP-TAVTASOM" failures="0" tests="15" name="BPJS Test" time="53.434" errors="0" timestamp="2021-05-19T16:48:19 WIB">
  <testcase classname="Tests.BpjsTest" name="goToLoginPage" time="0.607"/>
  <testcase classname="Tests.BpjsTest" name="testLogin" time="0.457"/>
  <testcase classname="Tests.BpjsTest" name="goToBPJSTest" time="9.526"/>
  <testcase classname="Tests.BpjsTest" name="goToBpjsKesehatan" time="0.131"/>
  <testcase classname="Tests.BpjsTest" name="inputInvalidMinNomorBpjs" time="1.291"/>
  <testcase classname="Tests.BpjsTest" name="validateInvalidMinNomorBpjs" time="2.745"/>
  <testcase classname="Tests.BpjsTest" name="inputInvalidMaxnNomorBpjs" time="1.185"/>
  <testcase classname="Tests.BpjsTest" name="validateInvalidMaxNomorBpjs" time="2.198"/>
  <testcase classname="Tests.BpjsTest" name="inputValidnNomorBpjs" time="2.123"/>
  <testcase classname="Tests.BpjsTest" name="validateValidNomorBpjs" time="1.091"/>
  <testcase classname="Tests.BpjsTest" name="goToPaymentCenter" time="1.2"/>
  <testcase classname="Tests.BpjsTest" name="PilihAlatBayar" time="20.183"/>
  <testcase classname="Tests.BpjsTest" name="clickBayar" time="0.944"/>
  <testcase classname="Tests.BpjsTest" name="TQPageTest" time="5.428"/>
  <testcase classname="Tests.BpjsTest" name="DaftarTrxTest" time="4.243"/>
  <testcase classname="Tests.BpjsTest" name="searchBPJSKeyword" time="0.0">
    <ignored/>
  </testcase> <!-- searchBPJSKeyword -->
  <testcase classname="Tests.BpjsTest" name="checkOutBPJS" time="0.0">
    <ignored/>
  </testcase> <!-- checkOutBPJS -->
</testsuite> <!-- BPJS Test -->
