<?xml version="1.0" encoding="UTF-8"?>
<!-- Generated by org.testng.reporters.JUnitXMLReporter -->
<testsuite ignored="2" hostname="LAPTOP-TAVTASOM" failures="0" tests="29" name="Tests" time="46.827" errors="0" timestamp="2021-05-08T09:51:00 WIB">
  <testcase classname="Tests.HomePageTest" name="goToLoginPage" time="1.03"/>
  <testcase classname="Tests.HomePageTest" name="testLogin" time="0.546"/>
  <testcase classname="Tests.HomePageTest" name="UITestLogo" time="6.187"/>
  <testcase classname="Tests.HomePageTest" name="verifyPageTitle" time="0.022"/>
  <testcase classname="Tests.HomePageTest" name="UITestFacebook" time="0.171"/>
  <testcase classname="Tests.HomePageTest" name="UITestInstagram" time="0.149"/>
  <testcase classname="Tests.HomePageTest" name="UITestDownload" time="0.116"/>
  <testcase classname="Tests.HomePageTest" name="UITestLayananPelanggan" time="0.11"/>
  <testcase classname="Tests.HomePageTest" name="UITestDaftarTrx" time="0.124"/>
  <testcase classname="Tests.HomePageTest" name="UITestItemSaldo" time="0.107"/>
  <testcase classname="Tests.HomePageTest" name="UITestUserProfile" time="0.116"/>
  <testcase classname="Tests.HomePageTest" name="UITestSearch" time="0.106"/>
  <testcase classname="Tests.HomePageTest" name="UITestBanner" time="0.103"/>
  <testcase classname="Tests.HomePageTest" name="validateCategoryPulsa" time="2.04"/>
  <testcase classname="Tests.HomePageTest" name="validateCategoryEmoney" time="1.662"/>
  <testcase classname="Tests.HomePageTest" name="validateCategoryESasmat" time="2.201"/>
  <testcase classname="Tests.HomePageTest" name="validateCategoryPLN" time="1.904"/>
  <testcase classname="Tests.HomePageTest" name="validateCategoryBPJS" time="1.804"/>
  <testcase classname="Tests.HomePageTest" name="validateCategoryInternet" time="1.822"/>
  <testcase classname="Tests.HomePageTest" name="validateCategoryGame" time="1.67"/>
  <testcase classname="Tests.HomePageTest" name="validateCategoryStreaming" time="1.854"/>
  <testcase classname="Tests.HomePageTest" name="validateCategoryGas" time="1.906"/>
  <testcase classname="Tests.HomePageTest" name="validateCategoryPBB" time="3.186"/>
  <testcase classname="Tests.HomePageTest" name="validateCategoryPDAM" time="1.737"/>
  <testcase classname="Tests.HomePageTest" name="validateCategoryTelomPascaBayar" time="1.813"/>
  <testcase classname="Tests.HomePageTest" name="validateCategoryIPL" time="2.185"/>
  <testcase classname="Tests.HomePageTest" name="validateCategoryAsuransi" time="2.315"/>
  <testcase classname="Tests.HomePageTest" name="validateCategoryMultiFinance" time="2.714"/>
  <testcase classname="Tests.HomePageTest" name="validateCategoryPendidikan" time="7.061"/>
  <testcase classname="Tests.HomePageTest" name="btnPrevBannerVirtualValidate" time="0.0">
    <ignored/>
  </testcase> <!-- btnPrevBannerVirtualValidate -->
  <testcase classname="Tests.HomePageTest" name="btnNextBannerVirtualValidate" time="0.0">
    <ignored/>
  </testcase> <!-- btnNextBannerVirtualValidate -->
</testsuite> <!-- Tests -->
