<?xml version="1.0" encoding="UTF-8"?>
<!-- Generated by org.testng.reporters.JUnitXMLReporter -->
<testsuite ignored="0" hostname="LAPTOP-TAVTASOM" failures="0" tests="14" name="Test PLN" time="72.241" errors="0" timestamp="2021-05-01T12:24:15 WIB">
  <testcase classname="Tests.plnTest" name="goToLoginPage" time="0.738"/>
  <testcase classname="Tests.plnTest" name="testLogin" time="0.413"/>
  <testcase classname="Tests.plnTest" name="goToPLNTest" time="7.593"/>
  <testcase classname="Tests.plnTest" name="goTokenListrikPLN" time="0.196"/>
  <testcase classname="Tests.plnTest" name="inputTokenPLN" time="0.252"/>
  <testcase classname="Tests.plnTest" name="setDenomPLN" time="2.261"/>
  <testcase classname="Tests.plnTest" name="setNominalPLN" time="0.114"/>
  <testcase classname="Tests.plnTest" name="goToCheckOut" time="0.131"/>
  <testcase classname="Tests.plnTest" name="checkOutPLN" time="2.479"/>
  <testcase classname="Tests.plnTest" name="goToPaymentCenter" time="0.121"/>
  <testcase classname="Tests.plnTest" name="PilihAlatBayar" time="45.433"/>
  <testcase classname="Tests.plnTest" name="clickBayar" time="0.985"/>
  <testcase classname="Tests.plnTest" name="TQPageTest" time="7.091"/>
  <testcase classname="Tests.plnTest" name="DaftarTrxTest" time="4.388"/>
</testsuite> <!-- Test PLN -->
