<?xml version="1.0" encoding="UTF-8"?>
<testng-results ignored="0" total="1" passed="1" failed="0" skipped="0">
  <reporter-output>
  </reporter-output>
  <suite started-at="2021-03-10T14:56:01 WIB" name="Suite" finished-at="2021-03-10T14:56:02 WIB" duration-ms="638">
    <groups>
    </groups>
    <test started-at="2021-03-10T14:56:01 WIB" name="Tests" finished-at="2021-03-10T14:56:02 WIB" duration-ms="638">
      <class name="Tests.LoginTest">
        <test-method is-config="true" signature="startApps()[pri:0, instance:Tests.LoginTest@4313f5bc]" started-at="2021-03-10T14:55:55 WIB" name="startApps" finished-at="2021-03-10T14:56:01 WIB" duration-ms="5787" status="PASS">
          <reporter-output>
          </reporter-output>
        </test-method> <!-- startApps -->
        <test-method signature="testLogin()[pri:0, instance:Tests.LoginTest@4313f5bc]" started-at="2021-03-10T14:56:01 WIB" name="testLogin" finished-at="2021-03-10T14:56:02 WIB" duration-ms="607" status="PASS">
          <reporter-output>
          </reporter-output>
        </test-method> <!-- testLogin -->
        <test-method is-config="true" signature="closeApp()[pri:0, instance:Tests.LoginTest@4313f5bc]" started-at="2021-03-10T14:56:02 WIB" name="closeApp" finished-at="2021-03-10T14:56:03 WIB" duration-ms="698" status="PASS">
          <reporter-output>
          </reporter-output>
        </test-method> <!-- closeApp -->
      </class> <!-- Tests.LoginTest -->
    </test> <!-- Tests -->
  </suite> <!-- Suite -->
</testng-results>
